This file contains any messages produced by compilers while
running configure, to aid debugging if configure makes a mistake.

It was created by sipgrep configure trunk, which was
generated by GNU Autoconf 2.67.  Invocation command line was

  $ ./configure --with-pcap-includes=/usr/include

## --------- ##
## Platform. ##
## --------- ##

hostname = yomkippur
uname -m = x86_64
uname -r = 2.6.32-5-amd64
uname -s = Linux
uname -v = #1 SMP Sun Sep 23 10:07:46 UTC 2012

/usr/bin/uname -p = unknown
/bin/uname -X     = unknown

/bin/arch              = unknown
/usr/bin/arch -k       = unknown
/usr/convex/getsysinfo = unknown
/usr/bin/hostinfo      = unknown
/bin/machine           = unknown
/usr/bin/oslevel       = unknown
/bin/universe          = unknown

PATH: /opt/Sencha/Cmd/4.0.0.203
PATH: /opt/Sencha/Cmd/Sencha/Cmd/4.0.0.203
PATH: /opt/SenchaSDKTools-2.0.0-beta3
PATH: /opt/Sencha/Cmd/3.1.2.342
PATH: /opt/sencha/Sencha/Cmd/3.1.2.342
PATH: /opt/Sencha/Cmd/4.0.0.203
PATH: /opt/Sencha/Cmd/Sencha/Cmd/4.0.0.203
PATH: /opt/SenchaSDKTools-2.0.0-beta3
PATH: /opt/Sencha/Cmd/3.1.2.342
PATH: /opt/sencha/Sencha/Cmd/3.1.2.342
PATH: /usr/local/sbin
PATH: /usr/local/bin
PATH: /usr/sbin
PATH: /usr/bin
PATH: /sbin
PATH: /bin
PATH: /usr/X11R6/bin


## ----------- ##
## Core tests. ##
## ----------- ##

configure:1922: checking build system type
configure:1936: result: x86_64-unknown-linux-gnu
configure:1956: checking host system type
configure:1969: result: x86_64-unknown-linux-gnu
configure:1989: checking target system type
configure:2002: result: x86_64-unknown-linux-gnu
configure:2077: checking for gcc
configure:2093: found /usr/bin/gcc
configure:2104: result: gcc
configure:2333: checking for C compiler version
configure:2342: gcc --version >&5
gcc (Debian 4.4.5-8) 4.4.5
Copyright (C) 2010 Free Software Foundation, Inc.
This is free software; see the source for copying conditions.  There is NO
warranty; not even for MERCHANTABILITY or FITNESS FOR A PARTICULAR PURPOSE.

configure:2353: $? = 0
configure:2342: gcc -v >&5
Using built-in specs.
Target: x86_64-linux-gnu
Configured with: ../src/configure -v --with-pkgversion='Debian 4.4.5-8' --with-bugurl=file:///usr/share/doc/gcc-4.4/README.Bugs --enable-languages=c,c++,fortran,objc,obj-c++ --prefix=/usr --program-suffix=-4.4 --enable-shared --enable-multiarch --enable-linker-build-id --with-system-zlib --libexecdir=/usr/lib --without-included-gettext --enable-threads=posix --with-gxx-include-dir=/usr/include/c++/4.4 --libdir=/usr/lib --enable-nls --enable-clocale=gnu --enable-libstdcxx-debug --enable-objc-gc --with-arch-32=i586 --with-tune=generic --enable-checking=release --build=x86_64-linux-gnu --host=x86_64-linux-gnu --target=x86_64-linux-gnu
Thread model: posix
gcc version 4.4.5 (Debian 4.4.5-8) 
configure:2353: $? = 0
configure:2342: gcc -V >&5
gcc: '-V' option must have argument
configure:2353: $? = 1
configure:2342: gcc -qversion >&5
gcc: unrecognized option '-qversion'
gcc: no input files
configure:2353: $? = 1
configure:2373: checking whether the C compiler works
configure:2395: gcc    conftest.c  >&5
configure:2399: $? = 0
configure:2447: result: yes
configure:2450: checking for C compiler default output file name
configure:2452: result: a.out
configure:2458: checking for suffix of executables
configure:2465: gcc -o conftest    conftest.c  >&5
configure:2469: $? = 0
configure:2491: result: 
configure:2513: checking whether we are cross compiling
configure:2521: gcc -o conftest    conftest.c  >&5
configure:2525: $? = 0
configure:2532: ./conftest
configure:2536: $? = 0
configure:2551: result: no
configure:2556: checking for suffix of object files
configure:2578: gcc -c   conftest.c >&5
configure:2582: $? = 0
configure:2603: result: o
configure:2607: checking whether we are using the GNU C compiler
configure:2626: gcc -c   conftest.c >&5
configure:2626: $? = 0
configure:2635: result: yes
configure:2644: checking whether gcc accepts -g
configure:2664: gcc -c -g  conftest.c >&5
configure:2664: $? = 0
configure:2705: result: yes
configure:2722: checking for gcc option to accept ISO C89
configure:2786: gcc  -c -g -O2  conftest.c >&5
configure:2786: $? = 0
configure:2799: result: none needed
configure:2825: checking how to run the C preprocessor
configure:2856: gcc -E  conftest.c
configure:2856: $? = 0
configure:2870: gcc -E  conftest.c
conftest.c:9:28: error: ac_nonexistent.h: No such file or directory
configure:2870: $? = 1
configure: failed program was:
| /* confdefs.h */
| #define PACKAGE_NAME "sipgrep"
| #define PACKAGE_TARNAME "sipgrep"
| #define PACKAGE_VERSION "trunk"
| #define PACKAGE_STRING "sipgrep trunk"
| #define PACKAGE_BUGREPORT "http://www.sipcapture.org"
| #define PACKAGE_URL ""
| /* end confdefs.h.  */
| #include <ac_nonexistent.h>
configure:2895: result: gcc -E
configure:2915: gcc -E  conftest.c
configure:2915: $? = 0
configure:2929: gcc -E  conftest.c
conftest.c:9:28: error: ac_nonexistent.h: No such file or directory
configure:2929: $? = 1
configure: failed program was:
| /* confdefs.h */
| #define PACKAGE_NAME "sipgrep"
| #define PACKAGE_TARNAME "sipgrep"
| #define PACKAGE_VERSION "trunk"
| #define PACKAGE_STRING "sipgrep trunk"
| #define PACKAGE_BUGREPORT "http://www.sipcapture.org"
| #define PACKAGE_URL ""
| /* end confdefs.h.  */
| #include <ac_nonexistent.h>
configure:2958: checking for grep that handles long lines and -e
configure:3016: result: /bin/grep
configure:3021: checking for egrep
configure:3083: result: /bin/grep -E
configure:3088: checking for ANSI C header files
configure:3108: gcc -c -g -O2  conftest.c >&5
configure:3108: $? = 0
configure:3181: gcc -o conftest -g -O2   conftest.c  >&5
configure:3181: $? = 0
configure:3181: ./conftest
configure:3181: $? = 0
configure:3192: result: yes
configure:3207: checking for tcpdump
configure:3225: found /usr/sbin/tcpdump
configure:3237: result: /usr/sbin/tcpdump
configure:3432: checking for a broken redhat glibc udphdr declaration
configure:3460: gcc -c -g -O2  conftest.c >&5
conftest.c: In function 'main':
conftest.c:28: error: 'struct udphdr' has no member named 'source'
configure:3460: $? = 1
configure: failed program was:
| /* confdefs.h */
| #define PACKAGE_NAME "sipgrep"
| #define PACKAGE_TARNAME "sipgrep"
| #define PACKAGE_VERSION "trunk"
| #define PACKAGE_STRING "sipgrep trunk"
| #define PACKAGE_BUGREPORT "http://www.sipcapture.org"
| #define PACKAGE_URL ""
| #define STDC_HEADERS 1
| /* end confdefs.h.  */
| 
| #ifndef __FAVOR_BSD
| #define __FAVOR_BSD
| #endif
| 
| #ifndef _BSD_SOURCE
| #define _BSD_SOURCE 1
| #endif
| 
| #undef _GNU_SOURCE
| 
| #include <netinet/udp.h>
| 
| int
| main ()
| {
| 
| struct udphdr foo;
| unsigned short bar = foo.source;
| 
|   ;
|   return 0;
| }
configure:3643: checking for a complete set of pcap headers
configure:3692: checking for BPF include path
configure:3699: checking for DLT_LINUX_SLL in bpf.h
conftest.c:11:12: error: empty filename in #include
configure:3721: checking for DLT_LOOP in bpf.h
conftest.c:11:12: error: empty filename in #include
configure:3743: checking for DLT_IEEE802_11 in bpf.h
conftest.c:11:12: error: empty filename in #include
configure:3765: checking for DLT_IEEE802_11_RADIO in bpf.h
conftest.c:11:12: error: empty filename in #include
configure:3787: checking for DLT_RAW in bpf.h
conftest.c:11:12: error: empty filename in #include
configure:3871: checking for pcap_open_live in -lpcap
configure:3896: gcc -o conftest -g -O2   conftest.c -lpcap   >&5
configure:3896: $? = 0
configure:3905: result: yes
configure:4061: creating ./config.status

## ---------------------- ##
## Running config.status. ##
## ---------------------- ##

This file was extended by sipgrep config.status trunk, which was
generated by GNU Autoconf 2.67.  Invocation command line was

  CONFIG_FILES    = 
  CONFIG_HEADERS  = 
  CONFIG_LINKS    = 
  CONFIG_COMMANDS = 
  $ ./config.status 

on yomkippur

config.status:831: creating Makefile
config.status:831: creating config.h
config.status:1000: config.h is unchanged

## ---------------- ##
## Cache variables. ##
## ---------------- ##

ac_cv_build=x86_64-unknown-linux-gnu
ac_cv_c_compiler_gnu=yes
ac_cv_env_CC_set=
ac_cv_env_CC_value=
ac_cv_env_CFLAGS_set=
ac_cv_env_CFLAGS_value=
ac_cv_env_CPPFLAGS_set=
ac_cv_env_CPPFLAGS_value=
ac_cv_env_CPP_set=
ac_cv_env_CPP_value=
ac_cv_env_LDFLAGS_set=
ac_cv_env_LDFLAGS_value=
ac_cv_env_LIBS_set=
ac_cv_env_LIBS_value=
ac_cv_env_build_alias_set=
ac_cv_env_build_alias_value=
ac_cv_env_host_alias_set=
ac_cv_env_host_alias_value=
ac_cv_env_target_alias_set=
ac_cv_env_target_alias_value=
ac_cv_header_stdc=yes
ac_cv_host=x86_64-unknown-linux-gnu
ac_cv_lib_pcap_pcap_open_live=yes
ac_cv_objext=o
ac_cv_path_EGREP='/bin/grep -E'
ac_cv_path_GREP=/bin/grep
ac_cv_path_ac_prefix_program=/usr/sbin/tcpdump
ac_cv_prog_CPP='gcc -E'
ac_cv_prog_ac_ct_CC=gcc
ac_cv_prog_cc_c89=
ac_cv_prog_cc_g=yes
ac_cv_target=x86_64-unknown-linux-gnu

## ----------------- ##
## Output variables. ##
## ----------------- ##

CC='gcc'
CFLAGS='-g -O2'
CPP='gcc -E'
CPPFLAGS=''
DEFS='-DHAVE_CONFIG_H'
ECHO_C=''
ECHO_N='-n'
ECHO_T=''
EGREP='/bin/grep -E'
EXEEXT=''
EXTRA_DEFINES=' -D_BSD_SOURCE=1 -D__FAVOR_BSD=1'
EXTRA_INCLUDES=''
EXTRA_LIBS=''
GREP='/bin/grep'
LDFLAGS=''
LIBOBJS=''
LIBS='-lpcap '
LTLIBOBJS=''
OBJEXT='o'
OS='LINUX'
PACKAGE_BUGREPORT='http://www.sipcapture.org'
PACKAGE_NAME='sipgrep'
PACKAGE_STRING='sipgrep trunk'
PACKAGE_TARNAME='sipgrep'
PACKAGE_URL=''
PACKAGE_VERSION='trunk'
PATH_SEPARATOR=':'
PCAP_INCLUDE='-I/usr/include'
PCAP_LINK='-L/usr/lib'
REGEX_DIR='regex-0.12'
REGEX_OBJS='regex-0.12/regex.o'
SHELL='/bin/bash'
STRIPFLAG='-s'
ac_ct_CC='gcc'
ac_prefix_program='/usr/sbin/tcpdump'
bindir='${exec_prefix}/bin'
build='x86_64-unknown-linux-gnu'
build_alias=''
build_cpu='x86_64'
build_os='linux-gnu'
build_vendor='unknown'
datadir='${datarootdir}'
datarootdir='${prefix}/share'
docdir='${datarootdir}/doc/${PACKAGE_TARNAME}'
dvidir='${docdir}'
exec_prefix='${prefix}'
host='x86_64-unknown-linux-gnu'
host_alias=''
host_cpu='x86_64'
host_os='linux-gnu'
host_vendor='unknown'
htmldir='${docdir}'
includedir='${prefix}/include'
infodir='${datarootdir}/info'
libdir='${exec_prefix}/lib'
libexecdir='${exec_prefix}/libexec'
localedir='${datarootdir}/locale'
localstatedir='${prefix}/var'
mandir='${datarootdir}/man'
oldincludedir='/usr/include'
pdfdir='${docdir}'
prefix='/usr'
program_transform_name='s,x,x,'
psdir='${docdir}'
sbindir='${exec_prefix}/sbin'
sharedstatedir='${prefix}/com'
sysconfdir='${prefix}/etc'
target='x86_64-unknown-linux-gnu'
target_alias=''
target_cpu='x86_64'
target_os='linux-gnu'
target_vendor='unknown'

## ----------- ##
## confdefs.h. ##
## ----------- ##

/* confdefs.h */
#define PACKAGE_NAME "sipgrep"
#define PACKAGE_TARNAME "sipgrep"
#define PACKAGE_VERSION "trunk"
#define PACKAGE_STRING "sipgrep trunk"
#define PACKAGE_BUGREPORT "http://www.sipcapture.org"
#define PACKAGE_URL ""
#define STDC_HEADERS 1
#define USE_PCAP_RESTART 1
#define USE_PCRE 0
#define USE_IPv6 0
#define USE_DROPPRIVS 1
#define DROPPRIVS_USER "nobody"
#define HAVE_DUMB_UDPHDR 0
#define HAVE_DLT_RAW 0
#define HAVE_DLT_IEEE802_11 0
#define HAVE_DLT_IEEE802_11_RADIO 0
#define HAVE_DLT_LOOP 0
#define HAVE_DLT_LINUX_SLL 0
#define HAVE_LIBPCAP 1

configure: exit 0
