This file contains any messages produced by compilers while
running configure, to aid debugging if configure makes a mistake.

configure:573: checking host system type
configure:594: checking target system type
configure:612: checking build system type
configure:638: checking for gcc
configure:751: checking whether the C compiler (gcc  ) works
configure:767: gcc -o conftest    conftest.c  1>&5
configure:793: checking whether the C compiler (gcc  ) is a cross-compiler
configure:798: checking whether we are using GNU C
configure:826: checking whether gcc accepts -g
configure:869: checking for a BSD compatible install
configure:923: checking how to run the C preprocessor
configure:1003: checking for AIX
configure:1027: checking for getmntent in -lseq
configure:1068: checking for POSIXized ISC
configure:1090: checking for minix/config.h
configure:1139: checking for ANSI C header files
configure:1246: checking for string.h
configure:1286: checking for working alloca.h
configure:1319: checking for alloca
configure:1518: checking for working const
configure:1598: checking for gcc
